<?xml version="1.0" encoding="UTF-8"?>
<!-- Generated by org.testng.reporters.JUnitReportReporter -->
<testsuite skipped="0" hostname="DESKTOP-T0HQABL" name="testCases.TC_001_AccountRegistration" tests="1" failures="0" timestamp="2022-01-30T18:27:25 IST" time="8.282" errors="0">
  <testcase name="test_accout_Registration" time="8.282" classname="testCases.TC_001_AccountRegistration"/>
  <system-out/>
</testsuite> <!-- testCases.TC_001_AccountRegistration -->
