<?xml version="1.0" encoding="UTF-8"?>
<!-- Generated by org.testng.reporters.JUnitReportReporter -->
<testsuite skipped="0" hostname="DESKTOP-T0HQABL" name="testCases.TC_002_Login" tests="1" failures="0" timestamp="2022-01-30T18:27:25 IST" time="8.202" errors="0">
  <testcase name="test_Login" time="8.202" classname="testCases.TC_002_Login"/>
  <system-out/>
</testsuite> <!-- testCases.TC_002_Login -->
