<?xml version="1.0" encoding="UTF-8"?>
<!-- Generated by org.testng.reporters.JUnitReportReporter -->
<testsuite hostname="DESKTOP-T0HQABL" failures="0" tests="1" name="testcase.TC_001_AccountRegistration" time="7.781" errors="0" timestamp="2022-01-28T10:33:25 IST" skipped="0">
  <testcase classname="testcase.TC_001_AccountRegistration" name="test_Account_Registration" time="7.781"/>
  <system-out/>
</testsuite> <!-- testcase.TC_001_AccountRegistration -->
